SwiftCompile normal x86_64 Compiling\ WaterAddButton.swift,\ DailyRecordCard.swift,\ UserSettingsStore.swift,\ NotificationMessageProvider.swift,\ NotificationService.swift,\ NotificationDelegate.swift,\ GeneratedAssetSymbols.swift /Users/runner/work/WaterLove/WaterLove/WaterLove/Views/Components/WaterAddButton.swift /Users/runner/work/WaterLove/WaterLove/WaterLove/Views/Components/DailyRecordCard.swift /Users/runner/work/WaterLove/WaterLove/WaterLove/Services/UserSettingsStore.swift /Users/runner/work/WaterLove/WaterLove/WaterLove/Services/NotificationMessageProvider.swift /Users/runner/work/WaterLove/WaterLove/WaterLove/Services/NotificationService.swift /Users/runner/work/WaterLove/WaterLove/WaterLove/Services/NotificationDelegate.swift /Users/runner/Library/Developer/Xcode/DerivedData/WaterLove-avqqwldfgznibaepprtdahmojpxh/Build/Intermediates.noindex/WaterLove.build/Debug-iphonesimulator/WaterLove.build/DerivedSources/GeneratedAssetSymbols.swift (in target 'WaterLove' from project 'WaterLove')
SwiftCompile normal x86_64 /Users/runner/work/WaterLove/WaterLove/WaterLove/Views/Components/WaterAddButton.swift (in target 'WaterLove' from project 'WaterLove')
/Users/runner/work/WaterLove/WaterLove/WaterLove/Services/NotificationService.swift:190:19: error: generic parameter 'T' could not be inferred
SwiftCompile normal x86_64 /Users/runner/work/WaterLove/WaterLove/WaterLove/Views/Components/DailyRecordCard.swift (in target 'WaterLove' from project 'WaterLove')
/Users/runner/work/WaterLove/WaterLove/WaterLove/Services/NotificationService.swift:190:19: error: generic parameter 'T' could not be inferred
SwiftCompile normal x86_64 /Users/runner/work/WaterLove/WaterLove/WaterLove/Services/UserSettingsStore.swift (in target 'WaterLove' from project 'WaterLove')
/Users/runner/work/WaterLove/WaterLove/WaterLove/Services/NotificationService.swift:190:19: error: generic parameter 'T' could not be inferred
SwiftCompile normal x86_64 /Users/runner/work/WaterLove/WaterLove/WaterLove/Services/NotificationMessageProvider.swift (in target 'WaterLove' from project 'WaterLove')
/Users/runner/work/WaterLove/WaterLove/WaterLove/Services/NotificationService.swift:190:19: error: generic parameter 'T' could not be inferred
SwiftCompile normal x86_64 /Users/runner/work/WaterLove/WaterLove/WaterLove/Services/NotificationService.swift (in target 'WaterLove' from project 'WaterLove')
/Users/runner/work/WaterLove/WaterLove/WaterLove/Services/NotificationService.swift:190:19: error: generic parameter 'T' could not be inferred
SwiftCompile normal x86_64 /Users/runner/work/WaterLove/WaterLove/WaterLove/Services/NotificationDelegate.swift (in target 'WaterLove' from project 'WaterLove')
/Users/runner/work/WaterLove/WaterLove/WaterLove/Services/NotificationService.swift:190:19: error: generic parameter 'T' could not be inferred
SwiftCompile normal x86_64 /Users/runner/Library/Developer/Xcode/DerivedData/WaterLove-avqqwldfgznibaepprtdahmojpxh/Build/Intermediates.noindex/WaterLove.build/Debug-iphonesimulator/WaterLove.build/DerivedSources/GeneratedAssetSymbols.swift (in target 'WaterLove' from project 'WaterLove')
/Users/runner/work/WaterLove/WaterLove/WaterLove/Services/NotificationService.swift:190:19: error: generic parameter 'T' could not be inferred
SwiftCompile normal arm64 Compiling\ WaterAddButton.swift,\ DailyRecordCard.swift,\ UserSettingsStore.swift,\ NotificationMessageProvider.swift,\ NotificationService.swift,\ NotificationDelegate.swift,\ GeneratedAssetSymbols.swift /Users/runner/work/WaterLove/WaterLove/WaterLove/Views/Components/WaterAddButton.swift /Users/runner/work/WaterLove/WaterLove/WaterLove/Views/Components/DailyRecordCard.swift /Users/runner/work/WaterLove/WaterLove/WaterLove/Services/UserSettingsStore.swift /Users/runner/work/WaterLove/WaterLove/WaterLove/Services/NotificationMessageProvider.swift /Users/runner/work/WaterLove/WaterLove/WaterLove/Services/NotificationService.swift /Users/runner/work/WaterLove/WaterLove/WaterLove/Services/NotificationDelegate.swift /Users/runner/Library/Developer/Xcode/DerivedData/WaterLove-avqqwldfgznibaepprtdahmojpxh/Build/Intermediates.noindex/WaterLove.build/Debug-iphonesimulator/WaterLove.build/DerivedSources/GeneratedAssetSymbols.swift (in target 'WaterLove' from project 'WaterLove')
SwiftCompile normal arm64 /Users/runner/work/WaterLove/WaterLove/WaterLove/Views/Components/WaterAddButton.swift (in target 'WaterLove' from project 'WaterLove')
/Users/runner/work/WaterLove/WaterLove/WaterLove/Services/NotificationService.swift:190:19: error: generic parameter 'T' could not be inferred
SwiftCompile normal arm64 /Users/runner/work/WaterLove/WaterLove/WaterLove/Views/Components/DailyRecordCard.swift (in target 'WaterLove' from project 'WaterLove')
/Users/runner/work/WaterLove/WaterLove/WaterLove/Services/NotificationService.swift:190:19: error: generic parameter 'T' could not be inferred
SwiftCompile normal arm64 /Users/runner/work/WaterLove/WaterLove/WaterLove/Services/UserSettingsStore.swift (in target 'WaterLove' from project 'WaterLove')
/Users/runner/work/WaterLove/WaterLove/WaterLove/Services/NotificationService.swift:190:19: error: generic parameter 'T' could not be inferred
SwiftCompile normal arm64 /Users/runner/work/WaterLove/WaterLove/WaterLove/Services/NotificationMessageProvider.swift (in target 'WaterLove' from project 'WaterLove')
/Users/runner/work/WaterLove/WaterLove/WaterLove/Services/NotificationService.swift:190:19: error: generic parameter 'T' could not be inferred
SwiftCompile normal arm64 /Users/runner/work/WaterLove/WaterLove/WaterLove/Services/NotificationService.swift (in target 'WaterLove' from project 'WaterLove')
/Users/runner/work/WaterLove/WaterLove/WaterLove/Services/NotificationService.swift:190:19: error: generic parameter 'T' could not be inferred
SwiftCompile normal arm64 /Users/runner/work/WaterLove/WaterLove/WaterLove/Services/NotificationDelegate.swift (in target 'WaterLove' from project 'WaterLove')
/Users/runner/work/WaterLove/WaterLove/WaterLove/Services/NotificationService.swift:190:19: error: generic parameter 'T' could not be inferred
SwiftCompile normal arm64 /Users/runner/Library/Developer/Xcode/DerivedData/WaterLove-avqqwldfgznibaepprtdahmojpxh/Build/Intermediates.noindex/WaterLove.build/Debug-iphonesimulator/WaterLove.build/DerivedSources/GeneratedAssetSymbols.swift (in target 'WaterLove' from project 'WaterLove')
/Users/runner/work/WaterLove/WaterLove/WaterLove/Services/NotificationService.swift:190:19: error: generic parameter 'T' could not be inferred
SwiftCompile normal x86_64 Compiling\ WaterLoveApp.swift,\ MainTabView.swift,\ HomeView.swift,\ HistoryView.swift,\ SettingsView.swift,\ WaterRecord.swift,\ DailyWaterSummary.swift,\ UserSettings.swift /Users/runner/work/WaterLove/WaterLove/WaterLove/WaterLoveApp.swift /Users/runner/work/WaterLove/WaterLove/WaterLove/Views/MainTabView.swift /Users/runner/work/WaterLove/WaterLove/WaterLove/Views/HomeView.swift /Users/runner/work/WaterLove/WaterLove/WaterLove/Views/HistoryView.swift /Users/runner/work/WaterLove/WaterLove/WaterLove/Views/SettingsView.swift /Users/runner/work/WaterLove/WaterLove/WaterLove/Models/WaterRecord.swift /Users/runner/work/WaterLove/WaterLove/WaterLove/Models/DailyWaterSummary.swift /Users/runner/work/WaterLove/WaterLove/WaterLove/Models/UserSettings.swift (in target 'WaterLove' from project 'WaterLove')
SwiftCompile normal x86_64 /Users/runner/work/WaterLove/WaterLove/WaterLove/WaterLoveApp.swift (in target 'WaterLove' from project 'WaterLove')
SwiftCompile normal x86_64 /Users/runner/work/WaterLove/WaterLove/WaterLove/Views/MainTabView.swift (in target 'WaterLove' from project 'WaterLove')
SwiftCompile normal x86_64 /Users/runner/work/WaterLove/WaterLove/WaterLove/Views/HomeView.swift (in target 'WaterLove' from project 'WaterLove')
SwiftCompile normal x86_64 /Users/runner/work/WaterLove/WaterLove/WaterLove/Views/HistoryView.swift (in target 'WaterLove' from project 'WaterLove')
SwiftCompile normal x86_64 /Users/runner/work/WaterLove/WaterLove/WaterLove/Views/SettingsView.swift (in target 'WaterLove' from project 'WaterLove')
SwiftCompile normal x86_64 /Users/runner/work/WaterLove/WaterLove/WaterLove/Models/WaterRecord.swift (in target 'WaterLove' from project 'WaterLove')
SwiftCompile normal x86_64 /Users/runner/work/WaterLove/WaterLove/WaterLove/Models/DailyWaterSummary.swift (in target 'WaterLove' from project 'WaterLove')
SwiftCompile normal x86_64 /Users/runner/work/WaterLove/WaterLove/WaterLove/Models/UserSettings.swift (in target 'WaterLove' from project 'WaterLove')
SwiftCompile normal x86_64 Compiling\ HomeViewModel.swift,\ HistoryViewModel.swift,\ SettingsViewModel.swift,\ DateUtils.swift,\ Constants.swift,\ WaterRecordStore.swift,\ ProgressRingView.swift /Users/runner/work/WaterLove/WaterLove/WaterLove/ViewModels/HomeViewModel.swift /Users/runner/work/WaterLove/WaterLove/WaterLove/ViewModels/HistoryViewModel.swift /Users/runner/work/WaterLove/WaterLove/WaterLove/ViewModels/SettingsViewModel.swift /Users/runner/work/WaterLove/WaterLove/WaterLove/Utils/DateUtils.swift /Users/runner/work/WaterLove/WaterLove/WaterLove/Utils/Constants.swift /Users/runner/work/WaterLove/WaterLove/WaterLove/Services/WaterRecordStore.swift /Users/runner/work/WaterLove/WaterLove/WaterLove/Views/Components/ProgressRingView.swift (in target 'WaterLove' from project 'WaterLove')
Command SwiftCompile failed with a nonzero exit code
The following build commands failed:
	SwiftCompile normal x86_64 /Users/runner/work/WaterLove/WaterLove/WaterLove/Views/Components/WaterAddButton.swift (in target 'WaterLove' from project 'WaterLove')
	SwiftCompile normal x86_64 /Users/runner/work/WaterLove/WaterLove/WaterLove/Views/Components/DailyRecordCard.swift (in target 'WaterLove' from project 'WaterLove')
	SwiftCompile normal x86_64 /Users/runner/work/WaterLove/WaterLove/WaterLove/Services/UserSettingsStore.swift (in target 'WaterLove' from project 'WaterLove')
	SwiftCompile normal x86_64 /Users/runner/work/WaterLove/WaterLove/WaterLove/Services/NotificationMessageProvider.swift (in target 'WaterLove' from project 'WaterLove')
	SwiftCompile normal x86_64 /Users/runner/work/WaterLove/WaterLove/WaterLove/Services/NotificationService.swift (in target 'WaterLove' from project 'WaterLove')
	SwiftCompile normal x86_64 /Users/runner/work/WaterLove/WaterLove/WaterLove/Services/NotificationDelegate.swift (in target 'WaterLove' from project 'WaterLove')
	SwiftCompile normal x86_64 /Users/runner/Library/Developer/Xcode/DerivedData/WaterLove-avqqwldfgznibaepprtdahmojpxh/Build/Intermediates.noindex/WaterLove.build/Debug-iphonesimulator/WaterLove.build/DerivedSources/GeneratedAssetSymbols.swift (in target 'WaterLove' from project 'WaterLove')
	SwiftCompile normal x86_64 Compiling\ WaterAddButton.swift,\ DailyRecordCard.swift,\ UserSettingsStore.swift,\ NotificationMessageProvider.swift,\ NotificationService.swift,\ NotificationDelegate.swift,\ GeneratedAssetSymbols.swift /Users/runner/work/WaterLove/WaterLove/WaterLove/Views/Components/WaterAddButton.swift /Users/runner/work/WaterLove/WaterLove/WaterLove/Views/Components/DailyRecordCard.swift /Users/runner/work/WaterLove/WaterLove/WaterLove/Services/UserSettingsStore.swift /Users/runner/work/WaterLove/WaterLove/WaterLove/Services/NotificationMessageProvider.swift /Users/runner/work/WaterLove/WaterLove/WaterLove/Services/NotificationService.swift /Users/runner/work/WaterLove/WaterLove/WaterLove/Services/NotificationDelegate.swift /Users/runner/Library/Developer/Xcode/DerivedData/WaterLove-avqqwldfgznibaepprtdahmojpxh/Build/Intermediates.noindex/WaterLove.build/Debug-iphonesimulator/WaterLove.build/DerivedSources/GeneratedAssetSymbols.swift (in target 'WaterLove' from project 'WaterLove')
	SwiftCompile normal arm64 Compiling\ WaterAddButton.swift,\ DailyRecordCard.swift,\ UserSettingsStore.swift,\ NotificationMessageProvider.swift,\ NotificationService.swift,\ NotificationDelegate.swift,\ GeneratedAssetSymbols.swift /Users/runner/work/WaterLove/WaterLove/WaterLove/Views/Components/WaterAddButton.swift /Users/runner/work/WaterLove/WaterLove/WaterLove/Views/Components/DailyRecordCard.swift /Users/runner/work/WaterLove/WaterLove/WaterLove/Services/UserSettingsStore.swift /Users/runner/work/WaterLove/WaterLove/WaterLove/Services/NotificationMessageProvider.swift /Users/runner/work/WaterLove/WaterLove/WaterLove/Services/NotificationService.swift /Users/runner/work/WaterLove/WaterLove/WaterLove/Services/NotificationDelegate.swift /Users/runner/Library/Developer/Xcode/DerivedData/WaterLove-avqqwldfgznibaepprtdahmojpxh/Build/Intermediates.noindex/WaterLove.build/Debug-iphonesimulator/WaterLove.build/DerivedSources/GeneratedAssetSymbols.swift (in target 'WaterLove' from project 'WaterLove')
	SwiftCompile normal arm64 /Users/runner/work/WaterLove/WaterLove/WaterLove/Views/Components/WaterAddButton.swift (in target 'WaterLove' from project 'WaterLove')
	SwiftCompile normal arm64 /Users/runner/work/WaterLove/WaterLove/WaterLove/Views/Components/DailyRecordCard.swift (in target 'WaterLove' from project 'WaterLove')
	SwiftCompile normal arm64 /Users/runner/work/WaterLove/WaterLove/WaterLove/Services/UserSettingsStore.swift (in target 'WaterLove' from project 'WaterLove')
	SwiftCompile normal arm64 /Users/runner/work/WaterLove/WaterLove/WaterLove/Services/NotificationMessageProvider.swift (in target 'WaterLove' from project 'WaterLove')
	SwiftCompile normal arm64 /Users/runner/work/WaterLove/WaterLove/WaterLove/Services/NotificationService.swift (in target 'WaterLove' from project 'WaterLove')
	SwiftCompile normal arm64 /Users/runner/work/WaterLove/WaterLove/WaterLove/Services/NotificationDelegate.swift (in target 'WaterLove' from project 'WaterLove')
	SwiftCompile normal arm64 /Users/runner/Library/Developer/Xcode/DerivedData/WaterLove-avqqwldfgznibaepprtdahmojpxh/Build/Intermediates.noindex/WaterLove.build/Debug-iphonesimulator/WaterLove.build/DerivedSources/GeneratedAssetSymbols.swift (in target 'WaterLove' from project 'WaterLove')
	SwiftCompile normal x86_64 Compiling\ HomeViewModel.swift,\ HistoryViewModel.swift,\ SettingsViewModel.swift,\ DateUtils.swift,\ Constants.swift,\ WaterRecordStore.swift,\ ProgressRingView.swift /Users/runner/work/WaterLove/WaterLove/WaterLove/ViewModels/HomeViewModel.swift /Users/runner/work/WaterLove/WaterLove/WaterLove/ViewModels/HistoryViewModel.swift /Users/runner/work/WaterLove/WaterLove/WaterLove/ViewModels/SettingsViewModel.swift /Users/runner/work/WaterLove/WaterLove/WaterLove/Utils/DateUtils.swift /Users/runner/work/WaterLove/WaterLove/WaterLove/Utils/Constants.swift /Users/runner/work/WaterLove/WaterLove/WaterLove/Services/WaterRecordStore.swift /Users/runner/work/WaterLove/WaterLove/WaterLove/Views/Components/ProgressRingView.swift (in target 'WaterLove' from project 'WaterLove')
